<?xml version="1.0" encoding="UTF-8"?>
<!-- Generated by org.testng.reporters.JUnitXMLReporter -->
<testsuite ignored="0" hostname="Apurvs-MacBook-Pro.local" failures="1" tests="9" name="Test" time="52.249" errors="0" timestamp="2020-12-31T12:16:42 IST">
  <testcase classname="test.TestAssignment" name="verifyNavToHomePage" time="2.923"/>
  <testcase classname="test.TestAssignment" name="checkTabDetails" time="0.285"/>
  <testcase classname="test.TestAssignment" name="sortFirstCol" time="2.346"/>
  <testcase classname="test.TestAssignment" name="checkMaxEmailDomain" time="0.129"/>
  <testcase classname="test.TestAssignment" name="delSecondRow" time="3.03"/>
  <testcase classname="test.TestAssignment" name="editTestAdmin" time="28.456">
    <failure type="org.junit.ComparisonFailure" message="expected:&amp;lt;[Apurv]&amp;gt; but was:&amp;lt;[testadmin]&amp;gt;">
      <![CDATA[org.junit.ComparisonFailure: expected:<[Apurv]> but was:<[testadmin]>
at org.junit.Assert.assertEquals(Assert.java:117)
at org.junit.Assert.assertEquals(Assert.java:146)
at test.TestAssignment.editTestAdmin(TestAssignment.java:215)
at java.base/java.util.ArrayList.forEach(ArrayList.java:1540)
... Removed 27 stack frames]]>
    </failure>
  </testcase> <!-- editTestAdmin -->
  <testcase classname="test.TestAssignment" name="verifyEditandDelCol" time="0.038"/>
  <testcase classname="test.TestAssignment" name="editBrokenLinks" time="14.851"/>
  <testcase classname="test.TestAssignment" name="storeList" time="0.145"/>
</testsuite> <!-- Test -->
